<?xml version="1.0" encoding="UTF-8"?>
<testsuite name="is.ru.stringcalculator.CalculatorTest" tests="6" skipped="0" failures="0" errors="0" timestamp="2017-10-11T18:43:11" hostname="DESKTOP-49SB562" time="0.003">
  <properties/>
  <testcase name="testMultipleNumbers" classname="is.ru.stringcalculator.CalculatorTest" time="0.001"/>
  <testcase name="testTwoNumber" classname="is.ru.stringcalculator.CalculatorTest" time="0.0"/>
  <testcase name="testONegativeNumber" classname="is.ru.stringcalculator.CalculatorTest" time="0.0"/>
  <testcase name="testNewLine" classname="is.ru.stringcalculator.CalculatorTest" time="0.0"/>
  <testcase name="testEmpyString" classname="is.ru.stringcalculator.CalculatorTest" time="0.0"/>
  <testcase name="testOneNumber" classname="is.ru.stringcalculator.CalculatorTest" time="0.0"/>
  <system-out><![CDATA[]]></system-out>
  <system-err><![CDATA[]]></system-err>
</testsuite>
