<?xml version="1.0" encoding="UTF-8"?>
<testsuite name="is.ru.stringcalculator.CalculatorTest" tests="9" skipped="0" failures="0" errors="0" timestamp="2017-10-11T21:38:33" hostname="DESKTOP-49SB562" time="0.004">
  <properties/>
  <testcase name="testNumbersGreaterThanThousand" classname="is.ru.stringcalculator.CalculatorTest" time="0.001"/>
  <testcase name="testChangeDeliminator" classname="is.ru.stringcalculator.CalculatorTest" time="0.0"/>
  <testcase name="testMultipleNumbers" classname="is.ru.stringcalculator.CalculatorTest" time="0.0"/>
  <testcase name="testMultipleNegativeNumbers" classname="is.ru.stringcalculator.CalculatorTest" time="0.0"/>
  <testcase name="testOneNegativeNumber" classname="is.ru.stringcalculator.CalculatorTest" time="0.0"/>
  <testcase name="testNewLine" classname="is.ru.stringcalculator.CalculatorTest" time="0.0"/>
  <testcase name="testEmpyString" classname="is.ru.stringcalculator.CalculatorTest" time="0.001"/>
  <testcase name="testTwoNumbers" classname="is.ru.stringcalculator.CalculatorTest" time="0.0"/>
  <testcase name="testOneNumber" classname="is.ru.stringcalculator.CalculatorTest" time="0.0"/>
  <system-out><![CDATA[]]></system-out>
  <system-err><![CDATA[]]></system-err>
</testsuite>
